modules/my-module/android/build/intermediates/manifest_merge_blame_file/debug/manifest-merger-blame-debug-report.txt
1<?xml version="1.0" encoding="utf-8"?>
2<manifest xmlns:android="http://schemas.android.com/apk/res/android"
3    xmlns:tools="http://schemas.android.com/tools"
4    package="com.mohamed.fine.ProGallery" >
5
6    <uses-sdk android:minSdkVersion="23" />
7
8    <uses-permission android:name="android.permission.MANAGE_EXTERNAL_STORAGE" />
8-->src\main\AndroidManifest.xml:3:1-77
8-->src\main\AndroidManifest.xml:3:18-75
9
10</manifest>